<?xml version="1.0" encoding="UTF-8"?>
<!-- Generated by org.testng.reporters.JUnitReportReporter -->
<testsuite hostname="MUKESH-PC" failures="0" tests="1" name="com.shop.spacex.GetAPITest" time="10.078" errors="0" timestamp="2023-04-12T01:55:02 IST" skipped="0">
  <testcase classname="com.shop.spacex.GetAPITest" name="testGetAPIAndValidateContent" time="10.078"/>
  <system-out/>
</testsuite> <!-- com.shop.spacex.GetAPITest -->
