<?xml version="1.0" encoding="UTF-8"?>
<!-- Generated by org.testng.reporters.JUnitReportReporter -->
<testsuite hostname="MUKESH-PC" failures="0" tests="3" name="driverFactory.TestDrive" time="19.838" errors="0" timestamp="2023-05-03T00:11:34 IST" skipped="0">
  <testcase classname="driverFactory.TestDrive" name="ProductVerification" time="16.731"/>
  <system-out>
    <![CDATA[No. of Total product in this page8
MEN'S SPACEX T-SHIRT               
$30.00
MEN'S SPACEX POLO               
$40.00
SPACEX F9 MODEL               
$150.00
SPACEX WATER BOTTLE               
$35.00
SPACEX CAP               
$25.00
UNISEX SPACEX ZIPPER HOODIE               
$50.00
UNISEX SPACEX PULLOVER HOODIE               
$50.00
KID'S SPACEX SPACESUIT ONESIE               
$45.00
SPACEX JOURNAL               
$30.00
SPACEX ONESIE               
$15.00
UNISEX SPACEX SWEATSHIRT               
$45.00
SPACEX STARSHIP STACK METAL ART PRINT               
$499.00
KID'S SPACEX T-SHIRT               
$20.00
KID'S SPACEX ZIPPER HOODIE               
$28.00
KID'S SPACEX PULLOVER HOODIE               
$28.00
WOMEN'S SPACEX POLO               
$40.00
STARSHIP TORCH PRE-SALE               
$175.00
MEN'S STARSHIP TEST FLIGHT T-SHIRT               
$30.00
UNISEX STARSHIP HEATSHIELD PULLOVER HOODIE               
$65.00
UNISEX RAPTOR SCHEMATIC T-SHIRT               
$30.00
REMOVE BEFORE FLIGHT KEY CHAINS               
$15.00
STARSHIP ADJUSTABLE CAP               
$25.00
STARSHIP STACK POSTER               
$20.00
X ADJUSTABLE CAP               
$25.00
OCCUPY MARS "HEAT SENSITIVE" TERRAFORMING MUG               
$20.00
STARLINK STICKER PACK               
$15.00
REMOVE BEFORE FLIGHT KEY CHAINS               
$15.00
STARLINK ADJUSTABLE CAP               
$25.00
Product verified:: MEN'S SPACEX POLO
MEN'S SPACEX POLO]]>
  </system-out>
  <testcase classname="driverFactory.TestDrive" name="addQuantity" time="2.886"/>
  <system-out/>
  <testcase classname="driverFactory.TestDrive" name="cartVerification" time="0.221"/>
  <system-out>
    <![CDATA[Items Added in to Card verified:::  Actual price = $160.00,  4 X Single product price   = $160.00]]>
  </system-out>
</testsuite> <!-- driverFactory.TestDrive -->
